<?xml version="1.0" encoding="UTF-8"?>
<!-- Generated by org.testng.reporters.JUnitReportReporter -->
<testsuite hostname="DESKTOP-8DITVL7" failures="0" tests="2" name="apiAutomation.reqres_Automation" time="2.599" errors="0" timestamp="2021-05-28T20:12:28 EDT" skipped="0">
  <testcase classname="apiAutomation.reqres_Automation" name="base" time="2.382"/>
  <testcase classname="apiAutomation.reqres_Automation" name="info" time="0.217"/>
</testsuite> <!-- apiAutomation.reqres_Automation -->
